Using pre-set license
Built from '2020.3/staging' branch; Version is '2020.3.9f1 (108be757e447) revision 1084391'; Using compiler version '192528614'; Build Type 'Release'
OS: 'Windows 10 Enterprise; OS build 19042.1348; Version 2009; 64bit' Language: 'en' Physical Memory: 32596 MB
BatchMode: 1, IsHumanControllingUs: 0, StartBugReporterOnCrash: 0, Is64bit: 1, IsPro: 0

 COMMAND LINE ARGUMENTS:
C:\Program Files\Unity\Hub\Editor\2020.3.9f1\Editor\Unity.exe
-adb2
-batchMode
-noUpm
-name
AssetImportWorker0
-projectPath
C:/Users/s0513390/Documents/GitHub/texturingbasics
-logFile
Logs/AssetImportWorker0.log
-srvPort
52417
Successfully changed project path to: C:/Users/s0513390/Documents/GitHub/texturingbasics
C:/Users/s0513390/Documents/GitHub/texturingbasics
Using Asset Import Pipeline V2.
Refreshing native plugins compatible for Editor in 33.70 ms, found 0 plugins.
Preloading 0 native plugins for Editor in 0.00 ms.
Initialize engine version: 2020.3.9f1 (108be757e447)
[Subsystems] Discovering subsystems at path C:/Program Files/Unity/Hub/Editor/2020.3.9f1/Editor/Data/Resources/UnitySubsystems
[Subsystems] Discovering subsystems at path C:/Users/s0513390/Documents/GitHub/texturingbasics/Assets
GfxDevice: creating device client; threaded=0
Direct3D:
    Version:  Direct3D 11.0 [level 11.1]
    Renderer: NVIDIA GeForce RTX 2080 SUPER (ID=0x1e81)
    Vendor:   
    VRAM:     8010 MB
    Driver:   27.21.14.6137
Initialize mono
Mono path[0] = 'C:/Program Files/Unity/Hub/Editor/2020.3.9f1/Editor/Data/Managed'
Mono path[1] = 'C:/Program Files/Unity/Hub/Editor/2020.3.9f1/Editor/Data/MonoBleedingEdge/lib/mono/unityjit'
Mono config path = 'C:/Program Files/Unity/Hub/Editor/2020.3.9f1/Editor/Data/MonoBleedingEdge/etc'
Using monoOptions --debugger-agent=transport=dt_socket,embedding=1,server=y,suspend=n,address=127.0.0.1:56100
Begin MonoManager ReloadAssembly
Registering precompiled unity dll's ...
Register platform support module: C:/Program Files/Unity/Hub/Editor/2020.3.9f1/Editor/Data/PlaybackEngines/WindowsStandaloneSupport/UnityEditor.WindowsStandalone.Extensions.dll
Registered in 0.095716 seconds.
Native extension for WindowsStandalone target not found
Refreshing native plugins compatible for Editor in 34.47 ms, found 0 plugins.
Preloading 0 native plugins for Editor in 0.00 ms.
Mono: successfully reloaded assembly
- Completed reload, in  4.034 seconds
Platform modules already initialized, skipping
Registering precompiled user dll's ...
Registered in 0.064940 seconds.
Begin MonoManager ReloadAssembly
Native extension for WindowsStandalone target not found
Refreshing native plugins compatible for Editor in 34.36 ms, found 0 plugins.
Preloading 0 native plugins for Editor in 0.00 ms.
Mono: successfully reloaded assembly
- Completed reload, in  2.162 seconds
Platform modules already initialized, skipping
========================================================================
Worker process is ready to serve import requests
Shader 'Universal Render Pipeline/Particles/Lit': fallback shader 'Universal Render Pipeline/Particles/SimpleLit' not found
Shader 'Universal Render Pipeline/Particles/Lit': fallback shader 'Universal Render Pipeline/Particles/SimpleLit' not found
Launched and connected shader compiler UnityShaderCompiler.exe after 0.07 seconds
Refreshing native plugins compatible for Editor in 0.33 ms, found 0 plugins.
Preloading 0 native plugins for Editor in 0.00 ms.
Unloading 2421 Unused Serialized files (Serialized files now loaded: 0)
System memory in use before: 114.1 MB.
System memory in use after: 111.3 MB.

Unloading 45 unused Assets to reduce memory usage. Loaded Objects now: 2829.
Total: 2.764000 ms (FindLiveObjects: 0.210100 ms CreateObjectMapping: 0.096900 ms MarkObjects: 1.420700 ms  DeleteObjects: 1.035300 ms)

========================================================================
Received Import Request.
  path: Assets/room.fbx
  artifactKey: Guid(d62b1bb3f63c8b547a0bb9ccee7d4e9e) Importer(815301076,1909f56bfc062723c751e8b465ee728b)
Start importing Assets/room.fbx using Guid(d62b1bb3f63c8b547a0bb9ccee7d4e9e) Importer(815301076,1909f56bfc062723c751e8b465ee728b)  -> (artifact id: '1054538dd48e13e9777e96cffb3d17ae') in 0.358261 seconds
  Import took 0.361770 seconds .

========================================================================
Received Import Request.
  Time since last request: 13.032669 seconds.
  path: Assets/room.obj
  artifactKey: Guid(67b24ebfb6ad9064b8a19c1cb4344383) Importer(815301076,1909f56bfc062723c751e8b465ee728b)
Start importing Assets/room.obj using Guid(67b24ebfb6ad9064b8a19c1cb4344383) Importer(815301076,1909f56bfc062723c751e8b465ee728b)  -> (artifact id: 'e02dbab75429b3c72af7534b4de8708b') in 0.030960 seconds
  Import took 0.034607 seconds .

========================================================================
Received Import Request.
  Time since last request: 90.928984 seconds.
  path: Assets/introom 1.fbx
  artifactKey: Guid(f1c0873a9ce0a93428e0012fb2194506) Importer(815301076,1909f56bfc062723c751e8b465ee728b)
Start importing Assets/introom 1.fbx using Guid(f1c0873a9ce0a93428e0012fb2194506) Importer(815301076,1909f56bfc062723c751e8b465ee728b)  -> (artifact id: 'e54e07a3b337be2e70ac5f690a6da2ec') in 0.095827 seconds
  Import took 0.099694 seconds .

========================================================================
Received Import Request.
  Time since last request: 20.989228 seconds.
  path: Assets/Materials/glass_MAT.mat
  artifactKey: Guid(aacdc744d36130a43a259c75a0f2a4b7) Importer(815301076,1909f56bfc062723c751e8b465ee728b)
Start importing Assets/Materials/glass_MAT.mat using Guid(aacdc744d36130a43a259c75a0f2a4b7) Importer(815301076,1909f56bfc062723c751e8b465ee728b)  -> (artifact id: '510ff5096c76a57305db4e35778d0b03') in 0.016586 seconds
  Import took 0.019907 seconds .

========================================================================
Received Import Request.
  Time since last request: 0.044429 seconds.
  path: Assets/Materials/glass_MAT.mat
  artifactKey: Guid(aacdc744d36130a43a259c75a0f2a4b7) Importer(815301076,1909f56bfc062723c751e8b465ee728b)
Start importing Assets/Materials/glass_MAT.mat using Guid(aacdc744d36130a43a259c75a0f2a4b7) Importer(815301076,1909f56bfc062723c751e8b465ee728b)  -> (artifact id: '46c3b66d179652e32cab14a2dcdae197') in 0.010834 seconds
  Import took 0.014534 seconds .

========================================================================
Received Import Request.
  Time since last request: 47.651044 seconds.
  path: Assets/room.fbx
  artifactKey: Guid(d62b1bb3f63c8b547a0bb9ccee7d4e9e) Importer(815301076,1909f56bfc062723c751e8b465ee728b)
Start importing Assets/room.fbx using Guid(d62b1bb3f63c8b547a0bb9ccee7d4e9e) Importer(815301076,1909f56bfc062723c751e8b465ee728b)  -> (artifact id: '47515998277420062fbb348f7c23c532') in 0.134770 seconds
  Import took 0.138384 seconds .

========================================================================
Received Import Request.
  Time since last request: 159.621328 seconds.
  path: Assets/Materials/TexturesCom_WoodPanelsRectangular_Old_1K_albedo.tif
  artifactKey: Guid(769271d5af0583c42882b9dc8cdc0bc4) Importer(815301076,1909f56bfc062723c751e8b465ee728b)
Start importing Assets/Materials/TexturesCom_WoodPanelsRectangular_Old_1K_albedo.tif using Guid(769271d5af0583c42882b9dc8cdc0bc4) Importer(815301076,1909f56bfc062723c751e8b465ee728b)  -> (artifact id: '0f245514b0fc3c0f87a43555ed6e0f18') in 0.025005 seconds
  Import took 0.028839 seconds .

========================================================================
Received Import Request.
  Time since last request: 1.347872 seconds.
  path: Assets/Materials/TexturesCom_WoodPanelsRectangular_Old_1K_ao.tif
  artifactKey: Guid(4481d5b533ed19649a03f2c845d1933a) Importer(815301076,1909f56bfc062723c751e8b465ee728b)
Start importing Assets/Materials/TexturesCom_WoodPanelsRectangular_Old_1K_ao.tif using Guid(4481d5b533ed19649a03f2c845d1933a) Importer(815301076,1909f56bfc062723c751e8b465ee728b)  -> (artifact id: '03a521317370751ce06a74aa751e5ad8') in 0.014923 seconds
  Import took 0.018600 seconds .

========================================================================
Received Import Request.
  Time since last request: 0.980763 seconds.
  path: Assets/Materials/TexturesCom_WoodPanelsRectangular_Old_1K_height.tif
  artifactKey: Guid(45a25b62a8d8a1d47a24d6d2cebd9f18) Importer(815301076,1909f56bfc062723c751e8b465ee728b)
Start importing Assets/Materials/TexturesCom_WoodPanelsRectangular_Old_1K_height.tif using Guid(45a25b62a8d8a1d47a24d6d2cebd9f18) Importer(815301076,1909f56bfc062723c751e8b465ee728b)  -> (artifact id: '825ae048f62a55cea7f1f3920e2e9fa9') in 0.013802 seconds
  Import took 0.016986 seconds .

========================================================================
Received Import Request.
  Time since last request: 0.001338 seconds.
  path: Assets/Materials/TexturesCom_WoodPanelsRectangular_Old_1K_height.tif
  artifactKey: Guid(45a25b62a8d8a1d47a24d6d2cebd9f18) Importer(815301076,1909f56bfc062723c751e8b465ee728b)
Start importing Assets/Materials/TexturesCom_WoodPanelsRectangular_Old_1K_height.tif using Guid(45a25b62a8d8a1d47a24d6d2cebd9f18) Importer(815301076,1909f56bfc062723c751e8b465ee728b)  -> (artifact id: '825ae048f62a55cea7f1f3920e2e9fa9') in 0.008009 seconds
  Import took 0.011326 seconds .

========================================================================
Received Import Request.
  Time since last request: 1.061440 seconds.
  path: Assets/Materials/TexturesCom_WoodPanelsRectangular_Old_1K_normal.tif
  artifactKey: Guid(bba91d9e80f2dda40be58c7567e77ab8) Importer(815301076,1909f56bfc062723c751e8b465ee728b)
Start importing Assets/Materials/TexturesCom_WoodPanelsRectangular_Old_1K_normal.tif using Guid(bba91d9e80f2dda40be58c7567e77ab8) Importer(815301076,1909f56bfc062723c751e8b465ee728b)  -> (artifact id: 'd3f81eefdd06695ff613f44b4a598755') in 0.014973 seconds
  Import took 0.018397 seconds .

========================================================================
Received Import Request.
  Time since last request: 25.696598 seconds.
  path: Assets/Materials/TexturesCom_WoodPanelsRectangular_Old_1K_normal.tif
  artifactKey: Guid(bba91d9e80f2dda40be58c7567e77ab8) Importer(815301076,1909f56bfc062723c751e8b465ee728b)
Start importing Assets/Materials/TexturesCom_WoodPanelsRectangular_Old_1K_normal.tif using Guid(bba91d9e80f2dda40be58c7567e77ab8) Importer(815301076,1909f56bfc062723c751e8b465ee728b)  -> (artifact id: '8cbcaea3daf638e7a48806a9adc7a984') in 0.016432 seconds
  Import took 0.020196 seconds .

========================================================================
Received Import Request.
  Time since last request: 99.940108 seconds.
  path: Assets/Materials/glass_MAT.mat
  artifactKey: Guid(aacdc744d36130a43a259c75a0f2a4b7) Importer(815301076,1909f56bfc062723c751e8b465ee728b)
Start importing Assets/Materials/glass_MAT.mat using Guid(aacdc744d36130a43a259c75a0f2a4b7) Importer(815301076,1909f56bfc062723c751e8b465ee728b)  -> (artifact id: 'e5754bda9e0ed7961d82b6f9829a9c26') in 0.012111 seconds
  Import took 0.015245 seconds .

========================================================================
Received Import Request.
  Time since last request: 0.000335 seconds.
  path: Assets/Materials/metal.mat
  artifactKey: Guid(91e31ecd4acd07c4eaa8c29cf27ea260) Importer(815301076,1909f56bfc062723c751e8b465ee728b)
Start importing Assets/Materials/metal.mat using Guid(91e31ecd4acd07c4eaa8c29cf27ea260) Importer(815301076,1909f56bfc062723c751e8b465ee728b)  -> (artifact id: 'ac50d0749b1e3cd11c1e0823dbb21cc0') in 0.016152 seconds
  Import took 0.019757 seconds .

========================================================================
Received Import Request.
  Time since last request: 0.000449 seconds.
  path: Assets/Materials/wood.mat
  artifactKey: Guid(c70e022fef89d9548bc522ee222d5a11) Importer(815301076,1909f56bfc062723c751e8b465ee728b)
Start importing Assets/Materials/wood.mat using Guid(c70e022fef89d9548bc522ee222d5a11) Importer(815301076,1909f56bfc062723c751e8b465ee728b)  -> (artifact id: 'ab32dfbe7b59849524420643b5ba5efc') in 0.027061 seconds
  Import took 0.030524 seconds .

========================================================================
Received Import Request.
  Time since last request: 4.620990 seconds.
  path: Assets/Materials/metal.mat
  artifactKey: Guid(91e31ecd4acd07c4eaa8c29cf27ea260) Importer(815301076,1909f56bfc062723c751e8b465ee728b)
Start importing Assets/Materials/metal.mat using Guid(91e31ecd4acd07c4eaa8c29cf27ea260) Importer(815301076,1909f56bfc062723c751e8b465ee728b)  -> (artifact id: '950f1bfbd277288bc8cfe18d0df8a106') in 0.021892 seconds
  Import took 0.025619 seconds .

========================================================================
Received Import Request.
  Time since last request: 3.186916 seconds.
  path: Assets/room.fbx
  artifactKey: Guid(d62b1bb3f63c8b547a0bb9ccee7d4e9e) Importer(815301076,1909f56bfc062723c751e8b465ee728b)
Start importing Assets/room.fbx using Guid(d62b1bb3f63c8b547a0bb9ccee7d4e9e) Importer(815301076,1909f56bfc062723c751e8b465ee728b)  -> (artifact id: '3bbfc08a66dce4cc16db2169b6caa6b3') in 0.072376 seconds
  Import took 0.076223 seconds .

========================================================================
Received Import Request.
  Time since last request: 7.768295 seconds.
  path: Assets/room.fbx
  artifactKey: Guid(d62b1bb3f63c8b547a0bb9ccee7d4e9e) Importer(815301076,1909f56bfc062723c751e8b465ee728b)
Start importing Assets/room.fbx using Guid(d62b1bb3f63c8b547a0bb9ccee7d4e9e) Importer(815301076,1909f56bfc062723c751e8b465ee728b)  -> (artifact id: 'bbe9f562e67a8b6d15abd7370516df7e') in 0.085957 seconds
  Import took 0.089638 seconds .

AssetImportWorkerClient::OnTransportError - code=2 error=End of file
