Using pre-set license
Built from '2020.3/staging' branch; Version is '2020.3.9f1 (108be757e447) revision 1084391'; Using compiler version '192528614'; Build Type 'Release'
OS: 'Windows 10 Enterprise; OS build 19042.1348; Version 2009; 64bit' Language: 'en' Physical Memory: 32596 MB
BatchMode: 1, IsHumanControllingUs: 0, StartBugReporterOnCrash: 0, Is64bit: 1, IsPro: 0

 COMMAND LINE ARGUMENTS:
C:\Program Files\Unity\Hub\Editor\2020.3.9f1\Editor\Unity.exe
-adb2
-batchMode
-noUpm
-name
AssetImportWorker0
-projectPath
C:/Users/s0513390/Documents/GitHub/TexturingBasics-/texturingbasics
-logFile
Logs/AssetImportWorker0.log
-srvPort
59660
Successfully changed project path to: C:/Users/s0513390/Documents/GitHub/TexturingBasics-/texturingbasics
C:/Users/s0513390/Documents/GitHub/TexturingBasics-/texturingbasics
Using Asset Import Pipeline V2.
Refreshing native plugins compatible for Editor in 34.20 ms, found 0 plugins.
Preloading 0 native plugins for Editor in 0.00 ms.
Initialize engine version: 2020.3.9f1 (108be757e447)
[Subsystems] Discovering subsystems at path C:/Program Files/Unity/Hub/Editor/2020.3.9f1/Editor/Data/Resources/UnitySubsystems
[Subsystems] Discovering subsystems at path C:/Users/s0513390/Documents/GitHub/TexturingBasics-/texturingbasics/Assets
GfxDevice: creating device client; threaded=0
Direct3D:
    Version:  Direct3D 11.0 [level 11.1]
    Renderer: NVIDIA GeForce RTX 2080 SUPER (ID=0x1e81)
    Vendor:   
    VRAM:     8010 MB
    Driver:   27.21.14.6137
Initialize mono
Mono path[0] = 'C:/Program Files/Unity/Hub/Editor/2020.3.9f1/Editor/Data/Managed'
Mono path[1] = 'C:/Program Files/Unity/Hub/Editor/2020.3.9f1/Editor/Data/MonoBleedingEdge/lib/mono/unityjit'
Mono config path = 'C:/Program Files/Unity/Hub/Editor/2020.3.9f1/Editor/Data/MonoBleedingEdge/etc'
Using monoOptions --debugger-agent=transport=dt_socket,embedding=1,server=y,suspend=n,address=127.0.0.1:56376
Begin MonoManager ReloadAssembly
Registering precompiled unity dll's ...
Register platform support module: C:/Program Files/Unity/Hub/Editor/2020.3.9f1/Editor/Data/PlaybackEngines/WindowsStandaloneSupport/UnityEditor.WindowsStandalone.Extensions.dll
Registered in 0.002272 seconds.
Native extension for WindowsStandalone target not found
Refreshing native plugins compatible for Editor in 35.00 ms, found 0 plugins.
Preloading 0 native plugins for Editor in 0.00 ms.
Mono: successfully reloaded assembly
- Completed reload, in  1.536 seconds
Platform modules already initialized, skipping
Registering precompiled user dll's ...
Registered in 0.001481 seconds.
Begin MonoManager ReloadAssembly
Native extension for WindowsStandalone target not found
Refreshing native plugins compatible for Editor in 37.76 ms, found 0 plugins.
Preloading 0 native plugins for Editor in 0.00 ms.
Mono: successfully reloaded assembly
- Completed reload, in  0.777 seconds
Platform modules already initialized, skipping
========================================================================
Worker process is ready to serve import requests
Shader 'Universal Render Pipeline/Particles/Lit': fallback shader 'Universal Render Pipeline/Particles/SimpleLit' not found
Shader 'Universal Render Pipeline/Particles/Lit': fallback shader 'Universal Render Pipeline/Particles/SimpleLit' not found
Launched and connected shader compiler UnityShaderCompiler.exe after 0.05 seconds
Refreshing native plugins compatible for Editor in 0.35 ms, found 0 plugins.
Preloading 0 native plugins for Editor in 0.00 ms.
Unloading 2421 Unused Serialized files (Serialized files now loaded: 0)
System memory in use before: 114.5 MB.
System memory in use after: 111.7 MB.

Unloading 45 unused Assets to reduce memory usage. Loaded Objects now: 2829.
Total: 2.782900 ms (FindLiveObjects: 0.199800 ms CreateObjectMapping: 0.090700 ms MarkObjects: 1.435800 ms  DeleteObjects: 1.055400 ms)

========================================================================
Received Import Request.
  path: Assets/Materials/Table.mat
  artifactKey: Guid(0ed781b3ff4ef6346b1e73d21893139c) Importer(815301076,1909f56bfc062723c751e8b465ee728b)
Start importing Assets/Materials/Table.mat using Guid(0ed781b3ff4ef6346b1e73d21893139c) Importer(815301076,1909f56bfc062723c751e8b465ee728b)  -> (artifact id: '255af98d113da1392df0ca9ca0a35376') in 0.260409 seconds
  Import took 0.265174 seconds .

========================================================================
Received Import Request.
  Time since last request: 467.004948 seconds.
  path: Assets/Materials/Prop Textures/table_Table_AlbedoTransparency 1.png
  artifactKey: Guid(555ea8fc51736c4488f7e73f815604a4) Importer(815301076,1909f56bfc062723c751e8b465ee728b)
Start importing Assets/Materials/Prop Textures/table_Table_AlbedoTransparency 1.png using Guid(555ea8fc51736c4488f7e73f815604a4) Importer(815301076,1909f56bfc062723c751e8b465ee728b)  -> (artifact id: '3ab9864a4d41ba45db5a13e2d105f071') in 0.031973 seconds
  Import took 0.036369 seconds .

========================================================================
Received Import Request.
  Time since last request: 0.000294 seconds.
  path: Assets/Materials/Prop Textures/table_Table_Normal 1.png
  artifactKey: Guid(c1e1c56054cfbd840a98ca59328b663f) Importer(815301076,1909f56bfc062723c751e8b465ee728b)
Start importing Assets/Materials/Prop Textures/table_Table_Normal 1.png using Guid(c1e1c56054cfbd840a98ca59328b663f) Importer(815301076,1909f56bfc062723c751e8b465ee728b)  -> (artifact id: 'd71bd594b7263d673e7ec060125e928f') in 0.021615 seconds
  Import took 0.025150 seconds .

========================================================================
Received Import Request.
  Time since last request: 0.000505 seconds.
  path: Assets/Materials/Prop Textures/table_Table_MetallicSmoothness 1.png
  artifactKey: Guid(6ec3d73dd1f8beb41b58249fb28b3959) Importer(815301076,1909f56bfc062723c751e8b465ee728b)
Start importing Assets/Materials/Prop Textures/table_Table_MetallicSmoothness 1.png using Guid(6ec3d73dd1f8beb41b58249fb28b3959) Importer(815301076,1909f56bfc062723c751e8b465ee728b)  -> (artifact id: '3147b3d63804ef67f3a62e2f729fc291') in 0.023432 seconds
  Import took 0.027409 seconds .

========================================================================
Received Import Request.
  Time since last request: 123.579560 seconds.
  path: Assets/Materials/Prop Textures/table_Table_Normal 1.png
  artifactKey: Guid(c1e1c56054cfbd840a98ca59328b663f) Importer(815301076,1909f56bfc062723c751e8b465ee728b)
Start importing Assets/Materials/Prop Textures/table_Table_Normal 1.png using Guid(c1e1c56054cfbd840a98ca59328b663f) Importer(815301076,1909f56bfc062723c751e8b465ee728b)  -> (artifact id: 'd2b0ef0d27435fc6a457399ed6881ada') in 0.026049 seconds
  Import took 0.030355 seconds .

AssetImportWorkerClient::OnTransportError - code=2 error=End of file
